<?xml version="1.0" encoding="UTF-8"?>
<!-- Generated by org.testng.reporters.JUnitReportReporter -->
<testsuite skipped="0" hostname="DiyaSPro4" name="com.api.gorest.tests.Get_Users_Test" tests="2" failures="0" timestamp="22 Jul 2020 17:05:51 GMT" time="5.450" errors="0">
  <testcase name="getAllusersTest" time="4.125" classname="com.api.gorest.tests.Get_Users_Test"/>
  <testcase name="getUserWithQueryParam" time="1.325" classname="com.api.gorest.tests.Get_Users_Test"/>
</testsuite> <!-- com.api.gorest.tests.Get_Users_Test -->
