<?xml version="1.0" encoding="UTF-8"?>
<!-- Generated by org.testng.reporters.JUnitReportReporter -->
<testsuite skipped="0" hostname="DiyaSPro4" name="com.api.gorest.tests.Create_Users_Test_POST_Call" tests="1" failures="0" timestamp="23 Jul 2020 01:07:58 GMT" time="3.887" errors="0">
  <testcase name="Create_User_Post_Call_Test" time="3.887" classname="com.api.gorest.tests.Create_Users_Test_POST_Call"/>
</testsuite> <!-- com.api.gorest.tests.Create_Users_Test_POST_Call -->
